<?xml version="1.0" encoding="UTF-8"?>
<!-- Generated by org.testng.reporters.JUnitXMLReporter -->
<testsuite ignored="0" hostname="LAPTOP-QGC52A0M" failures="0" tests="9" name="Default test" time="11.183" errors="0" timestamp="2022-12-09T09:17:10 IST">
  <testcase classname="org.APIRestAssured.sample" name="simple" time="2.679"/>
  <testcase classname="org.APIRestAssured.sample" name="getstatelist" time="0.948"/>
  <testcase classname="org.APIRestAssured.sample" name="getcitylist" time="0.957"/>
  <testcase classname="org.APIRestAssured.sample" name="adduseraddress" time="0.968"/>
  <testcase classname="org.APIRestAssured.sample" name="updateAdress" time="0.908"/>
  <testcase classname="org.APIRestAssured.sample" name="Getuseraddress" time="0.894"/>
  <testcase classname="org.APIRestAssured.sample" name="DeleteAccount" time="0.928"/>
  <testcase classname="org.APIRestAssured.sample" name="searchproducts" time="0.906"/>
  <testcase classname="org.APIRestAssured.sample" name="profilepicture" time="1.951"/>
</testsuite> <!-- Default test -->
